2023-07-15 19:56:00,337 ERROR: Exception on /reset_password_request [POST] [in /home/egoza/PycharmProjects/LUDAPROJECT/venv/lib/python3.10/site-packages/flask/app.py:1414]
Traceback (most recent call last):
  File "/home/egoza/PycharmProjects/LUDAPROJECT/venv/lib/python3.10/site-packages/flask/app.py", line 2190, in wsgi_app
    response = self.full_dispatch_request()
  File "/home/egoza/PycharmProjects/LUDAPROJECT/venv/lib/python3.10/site-packages/flask/app.py", line 1486, in full_dispatch_request
    rv = self.handle_user_exception(e)
  File "/home/egoza/PycharmProjects/LUDAPROJECT/venv/lib/python3.10/site-packages/flask/app.py", line 1484, in full_dispatch_request
    rv = self.dispatch_request()
  File "/home/egoza/PycharmProjects/LUDAPROJECT/venv/lib/python3.10/site-packages/flask/app.py", line 1469, in dispatch_request
    return self.ensure_sync(self.view_functions[rule.endpoint])(**view_args)
  File "/home/egoza/PycharmProjects/LUDAPROJECT/app/routes.py", line 134, in reset_password_request
    send_password_reset_email(user)
  File "/home/egoza/PycharmProjects/LUDAPROJECT/app/email_utilts.py", line 15, in send_password_reset_email
    send_email('[Microblog] Reset Your Password',
  File "/home/egoza/PycharmProjects/LUDAPROJECT/app/email_utilts.py", line 10, in send_email
    mail.send(msg)
  File "/home/egoza/PycharmProjects/LUDAPROJECT/venv/lib/python3.10/site-packages/flask_mail.py", line 492, in send
    message.send(connection)
  File "/home/egoza/PycharmProjects/LUDAPROJECT/venv/lib/python3.10/site-packages/flask_mail.py", line 427, in send
    connection.send(self)
  File "/home/egoza/PycharmProjects/LUDAPROJECT/venv/lib/python3.10/site-packages/flask_mail.py", line 177, in send
    assert message.sender, (
AssertionError: The message does not specify a sender and a default sender has not been configured
2023-07-15 19:56:43,420 INFO: Ludaproject startup [in /home/egoza/PycharmProjects/LUDAPROJECT/app/__init__.py:46]
2023-07-15 19:56:49,126 ERROR: Exception on /reset_password_request [POST] [in /home/egoza/PycharmProjects/LUDAPROJECT/venv/lib/python3.10/site-packages/flask/app.py:1414]
Traceback (most recent call last):
  File "/home/egoza/PycharmProjects/LUDAPROJECT/venv/lib/python3.10/site-packages/flask/app.py", line 2190, in wsgi_app
    response = self.full_dispatch_request()
  File "/home/egoza/PycharmProjects/LUDAPROJECT/venv/lib/python3.10/site-packages/flask/app.py", line 1486, in full_dispatch_request
    rv = self.handle_user_exception(e)
  File "/home/egoza/PycharmProjects/LUDAPROJECT/venv/lib/python3.10/site-packages/flask/app.py", line 1484, in full_dispatch_request
    rv = self.dispatch_request()
  File "/home/egoza/PycharmProjects/LUDAPROJECT/venv/lib/python3.10/site-packages/flask/app.py", line 1469, in dispatch_request
    return self.ensure_sync(self.view_functions[rule.endpoint])(**view_args)
  File "/home/egoza/PycharmProjects/LUDAPROJECT/app/routes.py", line 134, in reset_password_request
    send_password_reset_email(user)
  File "/home/egoza/PycharmProjects/LUDAPROJECT/app/email_utilts.py", line 15, in send_password_reset_email
    send_email('[Microblog] Reset Your Password',
  File "/home/egoza/PycharmProjects/LUDAPROJECT/app/email_utilts.py", line 10, in send_email
    mail.send(msg)
  File "/home/egoza/PycharmProjects/LUDAPROJECT/venv/lib/python3.10/site-packages/flask_mail.py", line 492, in send
    message.send(connection)
  File "/home/egoza/PycharmProjects/LUDAPROJECT/venv/lib/python3.10/site-packages/flask_mail.py", line 427, in send
    connection.send(self)
  File "/home/egoza/PycharmProjects/LUDAPROJECT/venv/lib/python3.10/site-packages/flask_mail.py", line 177, in send
    assert message.sender, (
AssertionError: The message does not specify a sender and a default sender has not been configured
2023-07-15 19:59:45,736 INFO: Ludaproject startup [in /home/egoza/PycharmProjects/LUDAPROJECT/app/__init__.py:46]
2023-07-15 19:59:52,182 ERROR: Exception on /reset_password_request [POST] [in /home/egoza/PycharmProjects/LUDAPROJECT/venv/lib/python3.10/site-packages/flask/app.py:1414]
Traceback (most recent call last):
  File "/home/egoza/PycharmProjects/LUDAPROJECT/venv/lib/python3.10/site-packages/flask/app.py", line 2190, in wsgi_app
    response = self.full_dispatch_request()
  File "/home/egoza/PycharmProjects/LUDAPROJECT/venv/lib/python3.10/site-packages/flask/app.py", line 1486, in full_dispatch_request
    rv = self.handle_user_exception(e)
  File "/home/egoza/PycharmProjects/LUDAPROJECT/venv/lib/python3.10/site-packages/flask/app.py", line 1484, in full_dispatch_request
    rv = self.dispatch_request()
  File "/home/egoza/PycharmProjects/LUDAPROJECT/venv/lib/python3.10/site-packages/flask/app.py", line 1469, in dispatch_request
    return self.ensure_sync(self.view_functions[rule.endpoint])(**view_args)
  File "/home/egoza/PycharmProjects/LUDAPROJECT/app/routes.py", line 134, in reset_password_request
    send_password_reset_email(user)
  File "/home/egoza/PycharmProjects/LUDAPROJECT/app/email_utilts.py", line 16, in send_password_reset_email
    send_email('[Microblog] Reset Your Password',
  File "/home/egoza/PycharmProjects/LUDAPROJECT/app/email_utilts.py", line 11, in send_email
    mail.send(msg)
  File "/home/egoza/PycharmProjects/LUDAPROJECT/venv/lib/python3.10/site-packages/flask_mail.py", line 492, in send
    message.send(connection)
  File "/home/egoza/PycharmProjects/LUDAPROJECT/venv/lib/python3.10/site-packages/flask_mail.py", line 427, in send
    connection.send(self)
  File "/home/egoza/PycharmProjects/LUDAPROJECT/venv/lib/python3.10/site-packages/flask_mail.py", line 177, in send
    assert message.sender, (
AssertionError: The message does not specify a sender and a default sender has not been configured
2023-07-15 20:03:53,171 INFO: Ludaproject startup [in /home/egoza/PycharmProjects/LUDAPROJECT/app/__init__.py:46]
2023-07-15 20:03:59,849 ERROR: Exception on /reset_password_request [POST] [in /home/egoza/PycharmProjects/LUDAPROJECT/venv/lib/python3.10/site-packages/flask/app.py:1414]
Traceback (most recent call last):
  File "/home/egoza/PycharmProjects/LUDAPROJECT/venv/lib/python3.10/site-packages/flask/app.py", line 2190, in wsgi_app
    response = self.full_dispatch_request()
  File "/home/egoza/PycharmProjects/LUDAPROJECT/venv/lib/python3.10/site-packages/flask/app.py", line 1486, in full_dispatch_request
    rv = self.handle_user_exception(e)
  File "/home/egoza/PycharmProjects/LUDAPROJECT/venv/lib/python3.10/site-packages/flask/app.py", line 1484, in full_dispatch_request
    rv = self.dispatch_request()
  File "/home/egoza/PycharmProjects/LUDAPROJECT/venv/lib/python3.10/site-packages/flask/app.py", line 1469, in dispatch_request
    return self.ensure_sync(self.view_functions[rule.endpoint])(**view_args)
  File "/home/egoza/PycharmProjects/LUDAPROJECT/app/routes.py", line 134, in reset_password_request
    send_password_reset_email(user)
  File "/home/egoza/PycharmProjects/LUDAPROJECT/app/email_utilts.py", line 16, in send_password_reset_email
    send_email('[Microblog] Reset Your Password',
  File "/home/egoza/PycharmProjects/LUDAPROJECT/app/email_utilts.py", line 11, in send_email
    mail.send(msg)
  File "/home/egoza/PycharmProjects/LUDAPROJECT/venv/lib/python3.10/site-packages/flask_mail.py", line 492, in send
    message.send(connection)
  File "/home/egoza/PycharmProjects/LUDAPROJECT/venv/lib/python3.10/site-packages/flask_mail.py", line 427, in send
    connection.send(self)
  File "/home/egoza/PycharmProjects/LUDAPROJECT/venv/lib/python3.10/site-packages/flask_mail.py", line 177, in send
    assert message.sender, (
AssertionError: The message does not specify a sender and a default sender has not been configured
2023-07-15 20:17:48,058 INFO: Ludaproject startup [in /home/egoza/PycharmProjects/LUDAPROJECT/app/__init__.py:46]
2023-07-15 20:22:06,305 INFO: Ludaproject startup [in /home/egoza/PycharmProjects/LUDAPROJECT/app/__init__.py:46]
2023-07-16 18:18:38,093 INFO: Ludaproject startup [in /home/egoza/PycharmProjects/LUDAPROJECT/app/__init__.py:48]
